2026-02-18 22:57:22,059 INFO 
2026-02-18 22:57:22,060 INFO ╔════════════════════════════════════════════════════════╗
2026-02-18 22:57:22,060 INFO ║     HYDRA E2E — 10,000 NFT Performance Test       ║
2026-02-18 22:57:22,060 INFO ║     1 rounds × 10,000 NFTs per round                ║
2026-02-18 22:57:22,060 INFO ╚════════════════════════════════════════════════════════╝
2026-02-18 22:57:22,060 INFO   Address: addr_test1vzzhf4eudhv789kdfurvlapzn7lqvcjhsalaj2xdcv47qhcdrqg9s
2026-02-18 22:57:22,060 INFO   Time:    2026-02-18 22:57:22
2026-02-18 22:57:22,060 INFO 
2026-02-18 22:57:22,060 INFO ╔═══════════════════════════════════════════════════╗
2026-02-18 22:57:22,060 INFO ║  ROUND 1/1: Minting 10,000 NFTs                ║
2026-02-18 22:57:22,060 INFO ╚═══════════════════════════════════════════════════╝
2026-02-18 22:57:22,060 INFO 
2026-02-18 22:57:22,060 INFO ============================================================
2026-02-18 22:57:22,060 INFO   STEP 0/6: RESET — Stop, Wipe, Restart
2026-02-18 22:57:22,060 INFO ============================================================
2026-02-18 22:57:22,060 INFO   Stopping hydra-node...
2026-02-18 22:57:22,474 INFO   Wiping persistence: /home/raj/Documents/PROJECTS_/Hydra-Powered-Micro-PaaS/Hydra-PaaS/hydra-persistence
2026-02-18 22:57:22,823 INFO   Starting hydra-node...
2026-02-18 22:57:23,026 INFO   Waiting 40s for hydra-node to sync...
2026-02-18 22:58:03,026 INFO   ✓ Reset complete!
2026-02-18 22:58:03,026 INFO 
2026-02-18 22:58:03,027 INFO ============================================================
2026-02-18 22:58:03,027 INFO   STEP 0.5/6: CLEANUP — Consolidate Funds & Create Fuel
2026-02-18 22:58:03,027 INFO ============================================================
2026-02-18 22:58:03,027 INFO   Running cleanup_utxos to consolidate funds...
2026-02-18 22:58:03,027 INFO Cleaning funds for: addr_test1vzzhf4eudhv789kdfurvlapzn7lqvcjhsalaj2xdcv47qhcdrqg9s
2026-02-18 22:58:10,852 INFO Sweeping 6 UTXOs. Total: 8022.6 ADA
2026-02-18 22:58:10,852 INFO Building: 1×3000 ADA commit + 5×10 ADA fee + change
time="2026-02-18T22:58:11+05:30" level=warning msg="/home/raj/Documents/PROJECTS_/Hydra-Powered-Micro-PaaS/Hydra-PaaS/docker-compose.yml: the attribute `version` is obsolete, it will be ignored, please remove it to avoid potential confusion"
2026-02-18 22:58:11,386 INFO Cleanup transaction submitted! Hash: {
    "txhash": "77383e38bac8aeabf2cd8e789381f00bbcc43483e3f9585c6d4ee51fc3ad6cc1"
}
2026-02-18 22:58:11,386 INFO Waiting for L1 confirmation...
2026-02-18 22:58:29,349 INFO   Poll 1: Waiting for confirmation...
2026-02-18 22:58:47,261 INFO   ✓ Confirmed! Found 7 UTXOs after 2 polls.
2026-02-18 22:58:47,261 INFO   ✓ Funds ready! Cleanup Tx: {
    "txhash": "77383e38bac8aeabf2cd8e789381f00bbcc43483e3f9585c6d4ee51fc3ad6cc1"
}
2026-02-18 22:58:47,261 INFO 
2026-02-18 22:58:47,261 INFO ============================================================
2026-02-18 22:58:47,261 INFO   STEP 1/6: CHECK STATUS
2026-02-18 22:58:47,261 INFO ============================================================
2026-02-18 22:58:57,292 INFO   Head Status: Idle
2026-02-18 22:58:57,292 INFO   ✓ Head is Idle — ready to initialize!
2026-02-18 22:58:57,292 INFO 
2026-02-18 22:58:57,292 INFO ============================================================
2026-02-18 22:58:57,292 INFO   STEP 2/6: INITIALIZE HYDRA HEAD
2026-02-18 22:58:57,292 INFO ============================================================
2026-02-18 22:58:57,294 INFO   Sending Init command...
2026-02-18 22:58:59,676 INFO     ← HeadIsInitializing
2026-02-18 22:59:09,686 INFO   ✓ Head is Initializing!
2026-02-18 22:59:09,686 INFO   Waiting 40s for Init tx L1 confirmation and UTXO sync...
2026-02-18 22:59:49,686 INFO 
2026-02-18 22:59:49,686 INFO ============================================================
2026-02-18 22:59:49,686 INFO   STEP 3/6: FUND — Commit UTXO into Head
2026-02-18 22:59:49,686 INFO ============================================================
2026-02-18 22:59:49,732 INFO Connecting to Ogmios at ws://localhost:1338
2026-02-18 22:59:49,738 INFO Connected to Ogmios
2026-02-18 22:59:58,178 INFO   Available UTXOs (7):
2026-02-18 22:59:58,178 INFO     0510a814328d...#2: 4967.4 ADA
2026-02-18 22:59:58,178 INFO     77383e38bac8...#0: 3000.0 ADA
2026-02-18 22:59:58,178 INFO     77383e38bac8...#1: 10.0 ADA
2026-02-18 22:59:58,179 INFO     77383e38bac8...#2: 10.0 ADA
2026-02-18 22:59:58,179 INFO     77383e38bac8...#3: 10.0 ADA
2026-02-18 22:59:58,179 INFO     77383e38bac8...#4: 10.0 ADA
2026-02-18 22:59:58,179 INFO     77383e38bac8...#5: 10.0 ADA
2026-02-18 22:59:58,179 INFO 
  → Commit UTXO: 77383e38bac8aeabf2cd8e789381f00bbcc43483e3f9585c6d4ee51fc3ad6cc1#0 (3000.0 ADA)
2026-02-18 22:59:58,179 INFO   Waiting 15s for Hydra node to sync UTXO state...
2026-02-18 23:00:13,179 INFO   Calling POST /commit (attempt 1/3)...
2026-02-18 23:00:13,225 INFO   ✓ Draft commit tx received (1672 chars)
2026-02-18 23:00:13,226 INFO   Signing commit tx...
2026-02-18 23:00:13,343 INFO   Submitting commit tx to L1...
2026-02-18 23:00:13,442 INFO   ✓ Commit tx submitted!
2026-02-18 23:00:13,442 INFO     Hash: a379a126067b0244ee67f80702b3f7b9b79d5552f81416eb308acbc56149ba3f
2026-02-18 23:00:13,442 INFO   Waiting for HeadIsOpen (1-2 blocks, ~40-60s)...
2026-02-18 23:00:23,454 INFO     ...waiting (10s)
2026-02-18 23:00:33,454 INFO     ...waiting (20s)
2026-02-18 23:00:43,455 INFO     ...waiting (30s)
2026-02-18 23:00:53,457 INFO     ...waiting (40s)
2026-02-18 23:00:54,733 INFO     ← Committed
2026-02-18 23:01:04,743 INFO     ...waiting (51s)
2026-02-18 23:01:09,259 INFO     ← HeadIsOpen
2026-02-18 23:01:19,262 INFO   ✓ HEAD IS OPEN!
2026-02-18 23:01:19,262 INFO   UTXOs in Head: 1
2026-02-18 23:01:19,262 INFO     77383e38bac8aeabf2cd8e789381f00bbcc43483e3f9585c6d4ee51fc3ad6cc1#0: 3000.0 ADA
2026-02-18 23:01:19,262 INFO 
2026-02-18 23:01:19,262 INFO ============================================================
2026-02-18 23:01:19,263 INFO   STEP 4/6: TURBO MINT 10,000 NFTs (Round 1)
2026-02-18 23:01:19,263 INFO ============================================================
2026-02-18 23:01:19,341 INFO Connecting to Hydra API at ws://localhost:4001
2026-02-18 23:01:19,343 INFO Connected to Hydra API
2026-02-18 23:01:19,343 INFO 🚀 PARALLEL MINT: 10000 NFTs | 4 Workers | 50 Batch Size
2026-02-18 23:01:19,344 INFO Splitting funds into 4 parts of 555.0 ADA...
2026-02-18 23:01:19,345 INFO   Found 1 UTXOs on attempt 1
2026-02-18 23:01:19,636 INFO Transaction validated by Head.
2026-02-18 23:01:19,637 INFO Split transaction confirmed: 85c37afc877077cb84d782dd11abcda21354480e1af5a1899c2a6e3e8fab396c
2026-02-18 23:01:19,637 INFO Building chains in parallel...
2026-02-18 23:01:19,637 INFO [Worker 0] Starting chain: 2500 NFTs in 50 batches
2026-02-18 23:01:19,637 INFO [Worker 0] Building batch 0/50, fuel=555.0 ADA
2026-02-18 23:01:19,637 INFO [Worker 1] Starting chain: 2500 NFTs in 50 batches
2026-02-18 23:01:19,637 INFO [Worker 1] Building batch 0/50, fuel=555.0 ADA
2026-02-18 23:01:19,638 INFO [Worker 2] Starting chain: 2500 NFTs in 50 batches
2026-02-18 23:01:19,638 INFO [Worker 2] Building batch 0/50, fuel=555.0 ADA
2026-02-18 23:01:19,638 INFO [Worker 3] Starting chain: 2500 NFTs in 50 batches
2026-02-18 23:01:19,639 INFO [Worker 3] Building batch 0/50, fuel=555.0 ADA
2026-02-18 23:01:19,912 INFO [Worker 1] Building batch 1/50, fuel=544.0 ADA
2026-02-18 23:01:19,912 INFO [Worker 0] Building batch 1/50, fuel=544.0 ADA
2026-02-18 23:01:19,915 INFO [Worker 2] Building batch 1/50, fuel=544.0 ADA
2026-02-18 23:01:19,917 INFO [Worker 3] Building batch 1/50, fuel=544.0 ADA
2026-02-18 23:01:20,213 INFO [Worker 2] Building batch 2/50, fuel=533.0 ADA
2026-02-18 23:01:20,214 INFO [Worker 0] Building batch 2/50, fuel=533.0 ADA
2026-02-18 23:01:20,214 INFO [Worker 3] Building batch 2/50, fuel=533.0 ADA
2026-02-18 23:01:20,214 INFO [Worker 1] Building batch 2/50, fuel=533.0 ADA
2026-02-18 23:01:20,521 INFO [Worker 2] Building batch 3/50, fuel=522.0 ADA
2026-02-18 23:01:20,521 INFO [Worker 0] Building batch 3/50, fuel=522.0 ADA
2026-02-18 23:01:20,522 INFO [Worker 1] Building batch 3/50, fuel=522.0 ADA
2026-02-18 23:01:20,527 INFO [Worker 3] Building batch 3/50, fuel=522.0 ADA
2026-02-18 23:01:20,811 INFO [Worker 0] Building batch 4/50, fuel=511.0 ADA
2026-02-18 23:01:20,811 INFO [Worker 3] Building batch 4/50, fuel=511.0 ADA
2026-02-18 23:01:20,812 INFO [Worker 1] Building batch 4/50, fuel=511.0 ADA
2026-02-18 23:01:20,812 INFO [Worker 2] Building batch 4/50, fuel=511.0 ADA
2026-02-18 23:01:21,118 INFO [Worker 3] Building batch 5/50, fuel=500.0 ADA
2026-02-18 23:01:21,118 INFO [Worker 1] Building batch 5/50, fuel=500.0 ADA
2026-02-18 23:01:21,119 INFO [Worker 0] Building batch 5/50, fuel=500.0 ADA
2026-02-18 23:01:21,120 INFO [Worker 2] Building batch 5/50, fuel=500.0 ADA
2026-02-18 23:01:21,429 INFO [Worker 0] Building batch 6/50, fuel=489.0 ADA
2026-02-18 23:01:21,430 INFO [Worker 2] Building batch 6/50, fuel=489.0 ADA
2026-02-18 23:01:21,433 INFO [Worker 1] Building batch 6/50, fuel=489.0 ADA
2026-02-18 23:01:21,433 INFO [Worker 3] Building batch 6/50, fuel=489.0 ADA
2026-02-18 23:01:21,724 INFO [Worker 3] Building batch 7/50, fuel=478.0 ADA
2026-02-18 23:01:21,724 INFO [Worker 1] Building batch 7/50, fuel=478.0 ADA
2026-02-18 23:01:21,725 INFO [Worker 2] Building batch 7/50, fuel=478.0 ADA
2026-02-18 23:01:21,727 INFO [Worker 0] Building batch 7/50, fuel=478.0 ADA
2026-02-18 23:01:22,043 INFO [Worker 2] Building batch 8/50, fuel=467.0 ADA
2026-02-18 23:01:22,043 INFO [Worker 3] Building batch 8/50, fuel=467.0 ADA
2026-02-18 23:01:22,043 INFO [Worker 0] Building batch 8/50, fuel=467.0 ADA
2026-02-18 23:01:22,044 INFO [Worker 1] Building batch 8/50, fuel=467.0 ADA
2026-02-18 23:01:22,348 INFO [Worker 1] Building batch 9/50, fuel=456.0 ADA
2026-02-18 23:01:22,348 INFO [Worker 3] Building batch 9/50, fuel=456.0 ADA
2026-02-18 23:01:22,349 INFO [Worker 0] Building batch 9/50, fuel=456.0 ADA
2026-02-18 23:01:22,350 INFO [Worker 2] Building batch 9/50, fuel=456.0 ADA
2026-02-18 23:01:22,641 INFO [Worker 3] Building batch 10/50, fuel=445.0 ADA
2026-02-18 23:01:22,642 INFO [Worker 2] Building batch 10/50, fuel=445.0 ADA
2026-02-18 23:01:22,642 INFO [Worker 1] Building batch 10/50, fuel=445.0 ADA
2026-02-18 23:01:22,642 INFO [Worker 0] Building batch 10/50, fuel=445.0 ADA
2026-02-18 23:01:22,944 INFO [Worker 3] Building batch 11/50, fuel=434.0 ADA
2026-02-18 23:01:22,946 INFO [Worker 2] Building batch 11/50, fuel=434.0 ADA
2026-02-18 23:01:22,951 INFO [Worker 0] Building batch 11/50, fuel=434.0 ADA
2026-02-18 23:01:22,952 INFO [Worker 1] Building batch 11/50, fuel=434.0 ADA
2026-02-18 23:01:23,247 INFO [Worker 0] Building batch 12/50, fuel=423.0 ADA
2026-02-18 23:01:23,247 INFO [Worker 1] Building batch 12/50, fuel=423.0 ADA
2026-02-18 23:01:23,248 INFO [Worker 3] Building batch 12/50, fuel=423.0 ADA
2026-02-18 23:01:23,249 INFO [Worker 2] Building batch 12/50, fuel=423.0 ADA
2026-02-18 23:01:23,542 INFO [Worker 2] Building batch 13/50, fuel=412.0 ADA
2026-02-18 23:01:23,547 INFO [Worker 0] Building batch 13/50, fuel=412.0 ADA
2026-02-18 23:01:23,547 INFO [Worker 1] Building batch 13/50, fuel=412.0 ADA
2026-02-18 23:01:23,549 INFO [Worker 3] Building batch 13/50, fuel=412.0 ADA
2026-02-18 23:01:23,845 INFO [Worker 1] Building batch 14/50, fuel=401.0 ADA
2026-02-18 23:01:23,846 INFO [Worker 0] Building batch 14/50, fuel=401.0 ADA
2026-02-18 23:01:23,846 INFO [Worker 2] Building batch 14/50, fuel=401.0 ADA
2026-02-18 23:01:23,851 INFO [Worker 3] Building batch 14/50, fuel=401.0 ADA
2026-02-18 23:01:24,151 INFO [Worker 1] Building batch 15/50, fuel=390.0 ADA
2026-02-18 23:01:24,151 INFO [Worker 3] Building batch 15/50, fuel=390.0 ADA
2026-02-18 23:01:24,152 INFO [Worker 0] Building batch 15/50, fuel=390.0 ADA
2026-02-18 23:01:24,154 INFO [Worker 2] Building batch 15/50, fuel=390.0 ADA
2026-02-18 23:01:24,457 INFO [Worker 2] Building batch 16/50, fuel=379.0 ADA
2026-02-18 23:01:24,457 INFO [Worker 0] Building batch 16/50, fuel=379.0 ADA
2026-02-18 23:01:24,459 INFO [Worker 1] Building batch 16/50, fuel=379.0 ADA
2026-02-18 23:01:24,464 INFO [Worker 3] Building batch 16/50, fuel=379.0 ADA
2026-02-18 23:01:24,758 INFO [Worker 3] Building batch 17/50, fuel=368.0 ADA
2026-02-18 23:01:24,758 INFO [Worker 0] Building batch 17/50, fuel=368.0 ADA
2026-02-18 23:01:24,759 INFO [Worker 1] Building batch 17/50, fuel=368.0 ADA
2026-02-18 23:01:24,761 INFO [Worker 2] Building batch 17/50, fuel=368.0 ADA
2026-02-18 23:01:25,053 INFO [Worker 2] Building batch 18/50, fuel=357.0 ADA
2026-02-18 23:01:25,053 INFO [Worker 0] Building batch 18/50, fuel=357.0 ADA
2026-02-18 23:01:25,053 INFO [Worker 1] Building batch 18/50, fuel=357.0 ADA
2026-02-18 23:01:25,055 INFO [Worker 3] Building batch 18/50, fuel=357.0 ADA
2026-02-18 23:01:25,359 INFO [Worker 0] Building batch 19/50, fuel=346.0 ADA
2026-02-18 23:01:25,359 INFO [Worker 1] Building batch 19/50, fuel=346.0 ADA
2026-02-18 23:01:25,359 INFO [Worker 3] Building batch 19/50, fuel=346.0 ADA
2026-02-18 23:01:25,360 INFO [Worker 2] Building batch 19/50, fuel=346.0 ADA
2026-02-18 23:01:25,667 INFO [Worker 2] Building batch 20/50, fuel=335.0 ADA
2026-02-18 23:01:25,668 INFO [Worker 3] Building batch 20/50, fuel=335.0 ADA
2026-02-18 23:01:25,668 INFO [Worker 1] Building batch 20/50, fuel=335.0 ADA
2026-02-18 23:01:25,668 INFO [Worker 0] Building batch 20/50, fuel=335.0 ADA
2026-02-18 23:01:25,994 INFO [Worker 0] Building batch 21/50, fuel=324.0 ADA
2026-02-18 23:01:25,995 INFO [Worker 1] Building batch 21/50, fuel=324.0 ADA
2026-02-18 23:01:25,998 INFO [Worker 2] Building batch 21/50, fuel=324.0 ADA
2026-02-18 23:01:25,999 INFO [Worker 3] Building batch 21/50, fuel=324.0 ADA
2026-02-18 23:01:26,277 INFO [Worker 3] Building batch 22/50, fuel=313.0 ADA
2026-02-18 23:01:26,277 INFO [Worker 0] Building batch 22/50, fuel=313.0 ADA
2026-02-18 23:01:26,279 INFO [Worker 2] Building batch 22/50, fuel=313.0 ADA
2026-02-18 23:01:26,283 INFO [Worker 1] Building batch 22/50, fuel=313.0 ADA
2026-02-18 23:01:26,586 INFO [Worker 2] Building batch 23/50, fuel=302.0 ADA
2026-02-18 23:01:26,586 INFO [Worker 1] Building batch 23/50, fuel=302.0 ADA
2026-02-18 23:01:26,587 INFO [Worker 3] Building batch 23/50, fuel=302.0 ADA
2026-02-18 23:01:26,587 INFO [Worker 0] Building batch 23/50, fuel=302.0 ADA
2026-02-18 23:01:26,887 INFO [Worker 2] Building batch 24/50, fuel=291.0 ADA
2026-02-18 23:01:26,887 INFO [Worker 1] Building batch 24/50, fuel=291.0 ADA
2026-02-18 23:01:26,887 INFO [Worker 3] Building batch 24/50, fuel=291.0 ADA
2026-02-18 23:01:26,888 INFO [Worker 0] Building batch 24/50, fuel=291.0 ADA
2026-02-18 23:01:27,195 INFO [Worker 3] Building batch 25/50, fuel=280.0 ADA
2026-02-18 23:01:27,196 INFO [Worker 1] Building batch 25/50, fuel=280.0 ADA
2026-02-18 23:01:27,196 INFO [Worker 2] Building batch 25/50, fuel=280.0 ADA
2026-02-18 23:01:27,197 INFO [Worker 0] Building batch 25/50, fuel=280.0 ADA
2026-02-18 23:01:27,497 INFO [Worker 0] Building batch 26/50, fuel=269.0 ADA
2026-02-18 23:01:27,498 INFO [Worker 1] Building batch 26/50, fuel=269.0 ADA
2026-02-18 23:01:27,498 INFO [Worker 2] Building batch 26/50, fuel=269.0 ADA
2026-02-18 23:01:27,503 INFO [Worker 3] Building batch 26/50, fuel=269.0 ADA
2026-02-18 23:01:27,798 INFO [Worker 3] Building batch 27/50, fuel=258.0 ADA
2026-02-18 23:01:27,798 INFO [Worker 1] Building batch 27/50, fuel=258.0 ADA
2026-02-18 23:01:27,799 INFO [Worker 2] Building batch 27/50, fuel=258.0 ADA
2026-02-18 23:01:27,801 INFO [Worker 0] Building batch 27/50, fuel=258.0 ADA
2026-02-18 23:01:28,096 INFO [Worker 2] Building batch 28/50, fuel=247.0 ADA
2026-02-18 23:01:28,097 INFO [Worker 3] Building batch 28/50, fuel=247.0 ADA
2026-02-18 23:01:28,098 INFO [Worker 1] Building batch 28/50, fuel=247.0 ADA
2026-02-18 23:01:28,099 INFO [Worker 0] Building batch 28/50, fuel=247.0 ADA
2026-02-18 23:01:28,394 INFO [Worker 2] Building batch 29/50, fuel=236.0 ADA
2026-02-18 23:01:28,394 INFO [Worker 1] Building batch 29/50, fuel=236.0 ADA
2026-02-18 23:01:28,394 INFO [Worker 3] Building batch 29/50, fuel=236.0 ADA
2026-02-18 23:01:28,394 INFO [Worker 0] Building batch 29/50, fuel=236.0 ADA
2026-02-18 23:01:28,701 INFO [Worker 0] Building batch 30/50, fuel=225.0 ADA
2026-02-18 23:01:28,705 INFO [Worker 2] Building batch 30/50, fuel=225.0 ADA
2026-02-18 23:01:28,706 INFO [Worker 1] Building batch 30/50, fuel=225.0 ADA
2026-02-18 23:01:28,708 INFO [Worker 3] Building batch 30/50, fuel=225.0 ADA
2026-02-18 23:01:29,045 INFO [Worker 3] Building batch 31/50, fuel=214.0 ADA
2026-02-18 23:01:29,046 INFO [Worker 2] Building batch 31/50, fuel=214.0 ADA
2026-02-18 23:01:29,046 INFO [Worker 1] Building batch 31/50, fuel=214.0 ADA
2026-02-18 23:01:29,053 INFO [Worker 0] Building batch 31/50, fuel=214.0 ADA
2026-02-18 23:01:29,357 INFO [Worker 2] Building batch 32/50, fuel=203.0 ADA
2026-02-18 23:01:29,358 INFO [Worker 1] Building batch 32/50, fuel=203.0 ADA
2026-02-18 23:01:29,362 INFO [Worker 3] Building batch 32/50, fuel=203.0 ADA
2026-02-18 23:01:29,363 INFO [Worker 0] Building batch 32/50, fuel=203.0 ADA
2026-02-18 23:01:29,653 INFO [Worker 1] Building batch 33/50, fuel=192.0 ADA
2026-02-18 23:01:29,653 INFO [Worker 0] Building batch 33/50, fuel=192.0 ADA
2026-02-18 23:01:29,654 INFO [Worker 3] Building batch 33/50, fuel=192.0 ADA
2026-02-18 23:01:29,654 INFO [Worker 2] Building batch 33/50, fuel=192.0 ADA
2026-02-18 23:01:29,959 INFO [Worker 2] Building batch 34/50, fuel=181.0 ADA
2026-02-18 23:01:29,959 INFO [Worker 3] Building batch 34/50, fuel=181.0 ADA
2026-02-18 23:01:29,962 INFO [Worker 1] Building batch 34/50, fuel=181.0 ADA
2026-02-18 23:01:29,965 INFO [Worker 0] Building batch 34/50, fuel=181.0 ADA
2026-02-18 23:01:30,255 INFO [Worker 0] Building batch 35/50, fuel=170.0 ADA
2026-02-18 23:01:30,256 INFO [Worker 2] Building batch 35/50, fuel=170.0 ADA
2026-02-18 23:01:30,256 INFO [Worker 1] Building batch 35/50, fuel=170.0 ADA
2026-02-18 23:01:30,262 INFO [Worker 3] Building batch 35/50, fuel=170.0 ADA
2026-02-18 23:01:30,544 INFO [Worker 0] Building batch 36/50, fuel=159.0 ADA
2026-02-18 23:01:30,544 INFO [Worker 1] Building batch 36/50, fuel=159.0 ADA
2026-02-18 23:01:30,545 INFO [Worker 2] Building batch 36/50, fuel=159.0 ADA
2026-02-18 23:01:30,545 INFO [Worker 3] Building batch 36/50, fuel=159.0 ADA
2026-02-18 23:01:30,864 INFO [Worker 1] Building batch 37/50, fuel=148.0 ADA
2026-02-18 23:01:30,865 INFO [Worker 2] Building batch 37/50, fuel=148.0 ADA
2026-02-18 23:01:30,865 INFO [Worker 3] Building batch 37/50, fuel=148.0 ADA
2026-02-18 23:01:30,869 INFO [Worker 0] Building batch 37/50, fuel=148.0 ADA
2026-02-18 23:01:31,176 INFO [Worker 2] Building batch 38/50, fuel=137.0 ADA
2026-02-18 23:01:31,176 INFO [Worker 0] Building batch 38/50, fuel=137.0 ADA
2026-02-18 23:01:31,177 INFO [Worker 1] Building batch 38/50, fuel=137.0 ADA
2026-02-18 23:01:31,182 INFO [Worker 3] Building batch 38/50, fuel=137.0 ADA
2026-02-18 23:01:31,499 INFO [Worker 2] Building batch 39/50, fuel=126.0 ADA
2026-02-18 23:01:31,500 INFO [Worker 0] Building batch 39/50, fuel=126.0 ADA
2026-02-18 23:01:31,500 INFO [Worker 1] Building batch 39/50, fuel=126.0 ADA
2026-02-18 23:01:31,500 INFO [Worker 3] Building batch 39/50, fuel=126.0 ADA
2026-02-18 23:01:31,798 INFO [Worker 3] Building batch 40/50, fuel=115.0 ADA
2026-02-18 23:01:31,798 INFO [Worker 0] Building batch 40/50, fuel=115.0 ADA
2026-02-18 23:01:31,799 INFO [Worker 1] Building batch 40/50, fuel=115.0 ADA
2026-02-18 23:01:31,806 INFO [Worker 2] Building batch 40/50, fuel=115.0 ADA
2026-02-18 23:01:32,097 INFO [Worker 1] Building batch 41/50, fuel=104.0 ADA
2026-02-18 23:01:32,098 INFO [Worker 0] Building batch 41/50, fuel=104.0 ADA
2026-02-18 23:01:32,098 INFO [Worker 2] Building batch 41/50, fuel=104.0 ADA
2026-02-18 23:01:32,105 INFO [Worker 3] Building batch 41/50, fuel=104.0 ADA
2026-02-18 23:01:32,385 INFO [Worker 3] Building batch 42/50, fuel=93.0 ADA
2026-02-18 23:01:32,385 INFO [Worker 0] Building batch 42/50, fuel=93.0 ADA
2026-02-18 23:01:32,387 INFO [Worker 1] Building batch 42/50, fuel=93.0 ADA
2026-02-18 23:01:32,390 INFO [Worker 2] Building batch 42/50, fuel=93.0 ADA
2026-02-18 23:01:32,692 INFO [Worker 0] Building batch 43/50, fuel=82.0 ADA
2026-02-18 23:01:32,692 INFO [Worker 1] Building batch 43/50, fuel=82.0 ADA
2026-02-18 23:01:32,693 INFO [Worker 2] Building batch 43/50, fuel=82.0 ADA
2026-02-18 23:01:32,704 INFO [Worker 3] Building batch 43/50, fuel=82.0 ADA
2026-02-18 23:01:32,986 INFO [Worker 1] Building batch 44/50, fuel=71.0 ADA
2026-02-18 23:01:32,987 INFO [Worker 0] Building batch 44/50, fuel=71.0 ADA
2026-02-18 23:01:32,987 INFO [Worker 2] Building batch 44/50, fuel=71.0 ADA
2026-02-18 23:01:32,993 INFO [Worker 3] Building batch 44/50, fuel=71.0 ADA
2026-02-18 23:01:33,280 INFO [Worker 0] Building batch 45/50, fuel=60.0 ADA
2026-02-18 23:01:33,281 INFO [Worker 2] Building batch 45/50, fuel=60.0 ADA
2026-02-18 23:01:33,281 INFO [Worker 3] Building batch 45/50, fuel=60.0 ADA
2026-02-18 23:01:33,283 INFO [Worker 1] Building batch 45/50, fuel=60.0 ADA
2026-02-18 23:01:33,577 INFO [Worker 0] Building batch 46/50, fuel=49.0 ADA
2026-02-18 23:01:33,577 INFO [Worker 3] Building batch 46/50, fuel=49.0 ADA
2026-02-18 23:01:33,577 INFO [Worker 2] Building batch 46/50, fuel=49.0 ADA
2026-02-18 23:01:33,579 INFO [Worker 1] Building batch 46/50, fuel=49.0 ADA
2026-02-18 23:01:33,896 INFO [Worker 1] Building batch 47/50, fuel=38.0 ADA
2026-02-18 23:01:33,896 INFO [Worker 3] Building batch 47/50, fuel=38.0 ADA
2026-02-18 23:01:33,897 INFO [Worker 2] Building batch 47/50, fuel=38.0 ADA
2026-02-18 23:01:33,903 INFO [Worker 0] Building batch 47/50, fuel=38.0 ADA
2026-02-18 23:01:34,196 INFO [Worker 2] Building batch 48/50, fuel=27.0 ADA
2026-02-18 23:01:34,196 INFO [Worker 1] Building batch 48/50, fuel=27.0 ADA
2026-02-18 23:01:34,197 INFO [Worker 3] Building batch 48/50, fuel=27.0 ADA
2026-02-18 23:01:34,198 INFO [Worker 0] Building batch 48/50, fuel=27.0 ADA
2026-02-18 23:01:34,503 INFO [Worker 1] Building batch 49/50, fuel=16.0 ADA
2026-02-18 23:01:34,503 INFO [Worker 2] Building batch 49/50, fuel=16.0 ADA
2026-02-18 23:01:34,503 INFO [Worker 0] Building batch 49/50, fuel=16.0 ADA
2026-02-18 23:01:34,506 INFO [Worker 3] Building batch 49/50, fuel=16.0 ADA
2026-02-18 23:01:34,796 INFO [Worker 2] Built 50 transactions.
2026-02-18 23:01:34,797 INFO [Worker 3] Built 50 transactions.
2026-02-18 23:01:34,797 INFO [Worker 1] Built 50 transactions.
2026-02-18 23:01:34,799 INFO [Worker 0] Built 50 transactions.
2026-02-18 23:01:34,799 INFO ✅ Build Complete: 200 txs in 15.2s (13.2 tx/s built)
2026-02-18 23:01:34,799 INFO Submitting chains (fire-and-forget)...
2026-02-18 23:01:34,803 INFO   Submitted 200 txs. Collecting confirmations...
2026-02-18 23:01:38,915 INFO ═══ PARALLEL RESULTS ═══
2026-02-18 23:01:38,915 INFO   Submitted: 200
2026-02-18 23:01:38,915 INFO   Valid Txs: 200
2026-02-18 23:01:38,915 INFO   Invalid:   0
2026-02-18 23:01:38,915 INFO   NFTs:      10000
2026-02-18 23:01:38,915 INFO   Build:     15.2s
2026-02-18 23:01:38,915 INFO   Submit:    4.1s
2026-02-18 23:01:38,915 INFO   Total:     19.3s
2026-02-18 23:01:38,915 INFO   TPS (submit only): 2429.9
2026-02-18 23:01:38,915 INFO   TPS (total):       518.7
2026-02-18 23:01:48,926 INFO Disconnected from Hydra API
2026-02-18 23:01:48,926 INFO 
2026-02-18 23:01:48,926 INFO ============================================================
2026-02-18 23:01:48,926 INFO   STEP 5/6: CLOSE FACILITY & FANOUT
2026-02-18 23:01:48,926 INFO ============================================================
2026-02-18 23:01:48,941 INFO   Sending Close command...
2026-02-18 23:01:58,951 INFO     ...waiting for HeadIsClosed
2026-02-18 23:02:08,951 INFO     ...waiting for HeadIsClosed
2026-02-18 23:02:18,952 INFO     ...waiting for HeadIsClosed
2026-02-18 23:02:28,953 INFO     ...waiting for HeadIsClosed
2026-02-18 23:02:38,652 INFO     ← HeadIsClosed (Tx: )
2026-02-18 23:02:38,652 INFO   ✓ Head Closed! Contestation Deadline: 2026-02-18T17:44:43Z
2026-02-18 23:02:48,652 INFO     ...waiting for ReadyToFanout (Contestation Period)
2026-02-18 23:02:58,663 INFO     ...waiting for ReadyToFanout (Contestation Period)
2026-02-18 23:03:08,673 INFO     ...waiting for ReadyToFanout (Contestation Period)
2026-02-18 23:03:18,683 INFO     ...waiting for ReadyToFanout (Contestation Period)
2026-02-18 23:03:28,694 INFO     ...waiting for ReadyToFanout (Contestation Period)
2026-02-18 23:03:38,697 INFO     ...waiting for ReadyToFanout (Contestation Period)
2026-02-18 23:03:48,706 INFO     ...waiting for ReadyToFanout (Contestation Period)
2026-02-18 23:03:58,716 INFO     ...waiting for ReadyToFanout (Contestation Period)
2026-02-18 23:04:08,724 INFO     ...waiting for ReadyToFanout (Contestation Period)
2026-02-18 23:04:18,734 INFO     ...waiting for ReadyToFanout (Contestation Period)
2026-02-18 23:04:28,745 INFO     ...waiting for ReadyToFanout (Contestation Period)
2026-02-18 23:04:38,747 INFO     ...waiting for ReadyToFanout (Contestation Period)
2026-02-18 23:04:48,757 INFO     ...waiting for ReadyToFanout (Contestation Period)
2026-02-18 23:04:58,767 INFO     ...waiting for ReadyToFanout (Contestation Period)
2026-02-18 23:05:08,775 INFO     ...waiting for ReadyToFanout (Contestation Period)
2026-02-18 23:05:18,786 INFO     ...waiting for ReadyToFanout (Contestation Period)
2026-02-18 23:05:28,796 INFO     ...waiting for ReadyToFanout (Contestation Period)
2026-02-18 23:05:38,808 INFO     ...waiting for ReadyToFanout (Contestation Period)
2026-02-18 23:05:48,818 INFO     ...waiting for ReadyToFanout (Contestation Period)
2026-02-18 23:05:58,828 INFO     ...waiting for ReadyToFanout (Contestation Period)
2026-02-18 23:06:08,838 INFO     ...waiting for ReadyToFanout (Contestation Period)
2026-02-18 23:06:18,847 INFO     ...waiting for ReadyToFanout (Contestation Period)
2026-02-18 23:06:28,850 INFO     ...waiting for ReadyToFanout (Contestation Period)
2026-02-18 23:06:38,860 INFO     ...waiting for ReadyToFanout (Contestation Period)
2026-02-18 23:06:48,867 INFO     ...waiting for ReadyToFanout (Contestation Period)
2026-02-18 23:06:58,874 INFO     ...waiting for ReadyToFanout (Contestation Period)
2026-02-18 23:07:08,883 INFO     ...waiting for ReadyToFanout (Contestation Period)
2026-02-18 23:07:18,887 INFO     ...waiting for ReadyToFanout (Contestation Period)
2026-02-18 23:07:28,891 INFO     ...waiting for ReadyToFanout (Contestation Period)
2026-02-18 23:07:38,899 INFO     ...waiting for ReadyToFanout (Contestation Period)
2026-02-18 23:07:48,909 INFO     ...waiting for ReadyToFanout (Contestation Period)
2026-02-18 23:07:58,916 INFO     ...waiting for ReadyToFanout (Contestation Period)
2026-02-18 23:08:08,926 INFO     ...waiting for ReadyToFanout (Contestation Period)
2026-02-18 23:08:18,928 INFO     ...waiting for ReadyToFanout (Contestation Period)
2026-02-18 23:08:28,933 INFO     ...waiting for ReadyToFanout (Contestation Period)
2026-02-18 23:08:38,943 INFO     ...waiting for ReadyToFanout (Contestation Period)
2026-02-18 23:08:48,951 INFO     ...waiting for ReadyToFanout (Contestation Period)
2026-02-18 23:08:58,962 INFO     ...waiting for ReadyToFanout (Contestation Period)
2026-02-18 23:09:08,972 INFO     ...waiting for ReadyToFanout (Contestation Period)
2026-02-18 23:09:18,973 INFO     ...waiting for ReadyToFanout (Contestation Period)
2026-02-18 23:09:28,983 INFO     ...waiting for ReadyToFanout (Contestation Period)
2026-02-18 23:09:38,993 INFO     ...waiting for ReadyToFanout (Contestation Period)
2026-02-18 23:09:48,995 INFO     ...waiting for ReadyToFanout (Contestation Period)
2026-02-18 23:09:59,005 INFO     ...waiting for ReadyToFanout (Contestation Period)
2026-02-18 23:10:09,005 INFO     ...waiting for ReadyToFanout (Contestation Period)
2026-02-18 23:10:19,007 INFO     ...waiting for ReadyToFanout (Contestation Period)
2026-02-18 23:10:29,008 INFO     ...waiting for ReadyToFanout (Contestation Period)
2026-02-18 23:10:39,018 INFO     ...waiting for ReadyToFanout (Contestation Period)
2026-02-18 23:10:49,019 INFO     ...waiting for ReadyToFanout (Contestation Period)
2026-02-18 23:10:59,023 INFO     ...waiting for ReadyToFanout (Contestation Period)
2026-02-18 23:11:09,024 INFO     ...waiting for ReadyToFanout (Contestation Period)
2026-02-18 23:11:19,024 INFO     ...waiting for ReadyToFanout (Contestation Period)
2026-02-18 23:11:29,026 INFO     ...waiting for ReadyToFanout (Contestation Period)
2026-02-18 23:11:39,037 INFO     ...waiting for ReadyToFanout (Contestation Period)
2026-02-18 23:11:49,038 INFO     ...waiting for ReadyToFanout (Contestation Period)
2026-02-18 23:11:59,049 INFO     ...waiting for ReadyToFanout (Contestation Period)
2026-02-18 23:12:09,050 INFO     ...waiting for ReadyToFanout (Contestation Period)
2026-02-18 23:12:19,051 INFO     ...waiting for ReadyToFanout (Contestation Period)
2026-02-18 23:12:29,052 INFO     ...waiting for ReadyToFanout (Contestation Period)
2026-02-18 23:12:39,062 INFO     ...waiting for ReadyToFanout (Contestation Period)
2026-02-18 23:12:49,062 INFO     ...waiting for ReadyToFanout (Contestation Period)
2026-02-18 23:12:59,073 INFO     ...waiting for ReadyToFanout (Contestation Period)
2026-02-18 23:13:09,074 INFO     ...waiting for ReadyToFanout (Contestation Period)
2026-02-18 23:13:19,075 INFO     ...waiting for ReadyToFanout (Contestation Period)
2026-02-18 23:13:29,075 INFO     ...waiting for ReadyToFanout (Contestation Period)
2026-02-18 23:13:39,086 INFO     ...waiting for ReadyToFanout (Contestation Period)
2026-02-18 23:13:49,086 INFO     ...waiting for ReadyToFanout (Contestation Period)
2026-02-18 23:13:59,092 INFO     ...waiting for ReadyToFanout (Contestation Period)
2026-02-18 23:14:09,093 INFO     ...waiting for ReadyToFanout (Contestation Period)
2026-02-18 23:14:19,094 INFO     ...waiting for ReadyToFanout (Contestation Period)
2026-02-18 23:14:29,095 INFO     ...waiting for ReadyToFanout (Contestation Period)
2026-02-18 23:14:39,100 INFO     ...waiting for ReadyToFanout (Contestation Period)
2026-02-18 23:14:49,101 INFO     ...waiting for ReadyToFanout (Contestation Period)
2026-02-18 23:14:53,453 INFO     ← ReadyToFanout
2026-02-18 23:14:53,453 INFO   Sending Fanout command...
2026-02-18 23:15:03,631 INFO     ...waiting for HeadIsFinalized
2026-02-18 23:15:13,636 INFO     ...waiting for HeadIsFinalized
2026-02-18 23:15:23,642 INFO     ...waiting for HeadIsFinalized
2026-02-18 23:15:33,647 INFO     ...waiting for HeadIsFinalized
2026-02-18 23:15:43,657 INFO     ...waiting for HeadIsFinalized
2026-02-18 23:15:53,664 INFO     ...waiting for HeadIsFinalized
2026-02-18 23:16:03,673 INFO     ...waiting for HeadIsFinalized
2026-02-18 23:16:13,679 INFO     ...waiting for HeadIsFinalized
2026-02-18 23:16:23,684 INFO     ...waiting for HeadIsFinalized
2026-02-18 23:16:33,690 INFO     ...waiting for HeadIsFinalized
2026-02-18 23:16:43,694 INFO     ...waiting for HeadIsFinalized
2026-02-18 23:16:53,699 INFO     ...waiting for HeadIsFinalized
2026-02-18 23:17:03,709 INFO     ...waiting for HeadIsFinalized
2026-02-18 23:17:13,715 INFO     ...waiting for HeadIsFinalized
2026-02-18 23:17:23,720 INFO     ...waiting for HeadIsFinalized
2026-02-18 23:17:33,725 INFO     ...waiting for HeadIsFinalized
2026-02-18 23:17:43,736 INFO     ...waiting for HeadIsFinalized
2026-02-18 23:17:53,737 INFO     ...waiting for HeadIsFinalized
2026-02-18 23:18:03,741 INFO     ...waiting for HeadIsFinalized
2026-02-18 23:18:13,747 INFO     ...waiting for HeadIsFinalized
2026-02-18 23:18:23,753 INFO     ...waiting for HeadIsFinalized
2026-02-18 23:18:33,758 INFO     ...waiting for HeadIsFinalized
2026-02-18 23:18:43,769 INFO     ...waiting for HeadIsFinalized
2026-02-18 23:18:53,772 INFO     ...waiting for HeadIsFinalized
2026-02-18 23:19:03,783 INFO     ...waiting for HeadIsFinalized
2026-02-18 23:19:13,788 INFO     ...waiting for HeadIsFinalized
2026-02-18 23:19:23,794 INFO     ...waiting for HeadIsFinalized
2026-02-18 23:19:33,800 INFO     ...waiting for HeadIsFinalized
2026-02-18 23:19:43,810 INFO     ...waiting for HeadIsFinalized
2026-02-18 23:19:53,814 INFO     ...waiting for HeadIsFinalized
2026-02-18 23:20:03,824 INFO     ...waiting for HeadIsFinalized
2026-02-18 23:20:13,830 INFO     ...waiting for HeadIsFinalized
2026-02-18 23:20:23,835 INFO     ...waiting for HeadIsFinalized
2026-02-18 23:20:33,839 INFO     ...waiting for HeadIsFinalized
2026-02-18 23:20:43,849 INFO     ...waiting for HeadIsFinalized
2026-02-18 23:20:53,855 INFO     ...waiting for HeadIsFinalized
2026-02-18 23:21:03,865 INFO     ...waiting for HeadIsFinalized
2026-02-18 23:21:13,870 INFO     ...waiting for HeadIsFinalized
2026-02-18 23:21:23,874 INFO     ...waiting for HeadIsFinalized
2026-02-18 23:21:33,880 INFO     ...waiting for HeadIsFinalized
2026-02-18 23:21:43,890 INFO     ...waiting for HeadIsFinalized
2026-02-18 23:21:53,897 INFO     ...waiting for HeadIsFinalized
2026-02-18 23:22:03,900 INFO   Round 1 complete: 10,000 NFTs in 19.57s (510.9 TPS)
2026-02-18 23:22:03,900 INFO   Running total: 10,000 NFTs
2026-02-18 23:22:03,900 INFO 
2026-02-18 23:22:03,900 INFO ============================================================
2026-02-18 23:22:03,900 INFO   STEP 6/6: L1 VERIFICATION
2026-02-18 23:22:03,900 INFO ============================================================
2026-02-18 23:22:03,900 INFO   Querying L1 UTXOs...
2026-02-18 23:22:12,766 INFO   L1 UTXOs at payment address (6):
2026-02-18 23:22:12,766 INFO     45590dca71974e2094bc49954187583d90176ff2189de105d4a9b30355456b9d#1: 4961.3 ADA
2026-02-18 23:22:12,766 INFO     77383e38bac8aeabf2cd8e789381f00bbcc43483e3f9585c6d4ee51fc3ad6cc1#1: 10.0 ADA
2026-02-18 23:22:12,766 INFO     77383e38bac8aeabf2cd8e789381f00bbcc43483e3f9585c6d4ee51fc3ad6cc1#2: 10.0 ADA
2026-02-18 23:22:12,766 INFO     77383e38bac8aeabf2cd8e789381f00bbcc43483e3f9585c6d4ee51fc3ad6cc1#3: 10.0 ADA
2026-02-18 23:22:12,766 INFO     77383e38bac8aeabf2cd8e789381f00bbcc43483e3f9585c6d4ee51fc3ad6cc1#4: 10.0 ADA
2026-02-18 23:22:12,766 INFO     77383e38bac8aeabf2cd8e789381f00bbcc43483e3f9585c6d4ee51fc3ad6cc1#5: 10.0 ADA
2026-02-18 23:22:12,766 INFO   Total: 5011.3 ADA
2026-02-18 23:22:12,766 INFO 
2026-02-18 23:22:12,766 INFO   ═══ CardanoScan Verification Links (Testnet) ═══
2026-02-18 23:22:12,766 INFO   Address: https://preprod.cardanoscan.io/address/addr_test1vzzhf4eudhv789kdfurvlapzn7lqvcjhsalaj2xdcv47qhcdrqg9s
2026-02-18 23:22:12,766 INFO   Cleanup Tx: {
    "txhash": "77383e38bac8aeabf2cd8e789381f00bbcc43483e3f9585c6d4ee51fc3ad6cc1"
}
2026-02-18 23:22:12,766 INFO   Commit Tx: https://preprod.cardanoscan.io/transaction/a379a126067b0244ee67f80702b3f7b9b79d5552f81416eb308acbc56149ba3f
2026-02-18 23:22:12,766 INFO 
2026-02-18 23:22:12,766 INFO ╔════════════════════════════════════════════════════════╗
2026-02-18 23:22:12,766 INFO ║           10,000 NFT PERFORMANCE TEST COMPLETE!       ║
2026-02-18 23:22:12,766 INFO ╚════════════════════════════════════════════════════════╝
2026-02-18 23:22:12,766 INFO   Total Minted:     10,000 NFTs
2026-02-18 23:22:12,766 INFO   Mint Time (sum):  19.57s
2026-02-18 23:22:12,766 INFO   Average TPS:      510.9
2026-02-18 23:22:12,766 INFO   Overall Time:     1490.7s
2026-02-18 23:22:12,766 INFO     Round 1: 10,000 NFTs in 19.57s (510.9 TPS)
2026-02-18 23:22:12,766 INFO   Results:          /home/raj/Documents/PROJECTS_/Hydra-Powered-Micro-PaaS/Hydra-PaaS/e2e_results.json
2026-02-18 23:22:12,766 INFO   CardanoScan:      https://preprod.cardanoscan.io/address/addr_test1vzzhf4eudhv789kdfurvlapzn7lqvcjhsalaj2xdcv47qhcdrqg9s
